<?xml version="1.0" encoding="UTF-8"?>
<!-- Generated by org.testng.reporters.JUnitReportReporter -->
<testsuite hostname="Personal" name="com.qa.test.GetAPITest" tests="1" failures="0" timestamp="15 Apr 2021 07:28:42 GMT" time="3.860" errors="0">
  <testcase name="getAPITest" time="3.860" classname="com.qa.test.GetAPITest"/>
</testsuite> <!-- com.qa.test.GetAPITest -->
